app/build/outputs/logs/manifest-merger-debug-report.txt
-- Merging decision tree log ---
manifest
ADDED from src/main/AndroidManifest.xml:2:1-48:12
INJECTED from src/main/AndroidManifest.xml:2:1-48:12
INJECTED from src/main/AndroidManifest.xml:2:1-48:12
INJECTED from src/main/AndroidManifest.xml:2:1-48:12
MERGED from [com.android.support:design:28.0.0] AndroidManifest.xml:17:1-24:12
MERGED from [com.android.support:appcompat-v7:28.0.0] AndroidManifest.xml:17:1-22:12
MERGED from [com.android.support.constraint:constraint-layout:1.1.3] AndroidManifest.xml:2:1-11:12
MERGED from [com.android.support:support-v4:28.0.0] AndroidManifest.xml:17:1-22:12
MERGED from [android.arch.work:work-runtime:1.0.0-alpha04] AndroidManifest.xml:17:1-97:12
MERGED from [com.android.support:animated-vector-drawable:28.0.0] AndroidManifest.xml:17:1-22:12
MERGED from [com.android.support:support-vector-drawable:28.0.0] AndroidManifest.xml:17:1-22:12
MERGED from [com.android.support:support-media-compat:28.0.0] AndroidManifest.xml:17:1-22:12
MERGED from [com.android.support:recyclerview-v7:28.0.0] AndroidManifest.xml:17:1-22:12
MERGED from [android.arch.lifecycle:extensions:1.1.0] AndroidManifest.xml:17:1-30:12
MERGED from [com.android.support:support-fragment:28.0.0] AndroidManifest.xml:17:1-22:12
MERGED from [com.android.support:support-core-ui:28.0.0] AndroidManifest.xml:17:1-22:12
MERGED from [com.android.support:transition:28.0.0] AndroidManifest.xml:17:1-22:12
MERGED from [com.android.support:viewpager:28.0.0] AndroidManifest.xml:17:1-22:12
MERGED from [com.android.support:coordinatorlayout:28.0.0] AndroidManifest.xml:17:1-22:12
MERGED from [com.android.support:drawerlayout:28.0.0] AndroidManifest.xml:17:1-22:12
MERGED from [com.android.support:slidingpanelayout:28.0.0] AndroidManifest.xml:17:1-22:12
MERGED from [com.android.support:customview:28.0.0] AndroidManifest.xml:17:1-22:12
MERGED from [com.android.support:swiperefreshlayout:28.0.0] AndroidManifest.xml:17:1-22:12
MERGED from [com.android.support:asynclayoutinflater:28.0.0] AndroidManifest.xml:17:1-22:12
MERGED from [android.arch.persistence.room:runtime:1.1.1-rc1] AndroidManifest.xml:17:1-22:12
MERGED from [com.android.support:support-core-utils:28.0.0] AndroidManifest.xml:17:1-22:12
MERGED from [com.android.support:loader:28.0.0] AndroidManifest.xml:17:1-22:12
MERGED from [com.android.support:support-compat:28.0.0] AndroidManifest.xml:17:1-24:12
MERGED from [com.android.support:versionedparcelable:28.0.0] AndroidManifest.xml:17:1-25:12
MERGED from [com.android.support:cursoradapter:28.0.0] AndroidManifest.xml:17:1-22:12
MERGED from [com.android.support:cardview-v7:28.0.0] AndroidManifest.xml:17:1-22:12
MERGED from [com.android.support:interpolator:28.0.0] AndroidManifest.xml:17:1-22:12
MERGED from [android.arch.persistence:db-framework:1.1.1-rc1] AndroidManifest.xml:17:1-22:12
MERGED from [android.arch.persistence:db:1.1.1-rc1] AndroidManifest.xml:17:1-22:12
MERGED from [android.arch.lifecycle:runtime:1.1.1] AndroidManifest.xml:17:1-22:12
MERGED from [android.arch.lifecycle:viewmodel:1.1.1] AndroidManifest.xml:17:1-22:12
MERGED from [android.arch.lifecycle:livedata:1.1.1] AndroidManifest.xml:17:1-22:12
MERGED from [android.arch.lifecycle:livedata-core:1.1.1] AndroidManifest.xml:17:1-22:12
MERGED from [android.arch.core:runtime:1.1.1] AndroidManifest.xml:17:1-22:12
MERGED from [com.android.support:documentfile:28.0.0] AndroidManifest.xml:17:1-22:12
MERGED from [com.android.support:localbroadcastmanager:28.0.0] AndroidManifest.xml:17:1-22:12
MERGED from [com.android.support:print:28.0.0] AndroidManifest.xml:17:1-22:12
INJECTED from src/main/AndroidManifest.xml:2:1-48:12
INJECTED from src/main/AndroidManifest.xml:2:1-48:12
INJECTED from src/main/AndroidManifest.xml:2:1-48:12
	package
		ADDED from src/main/AndroidManifest.xml:3:5-44
		INJECTED from src/main/AndroidManifest.xml
		INJECTED from src/main/AndroidManifest.xml
	android:versionName
		INJECTED from src/main/AndroidManifest.xml
		ADDED from src/main/AndroidManifest.xml:2:1-48:12
		INJECTED from src/main/AndroidManifest.xml
	android:versionCode
		INJECTED from src/main/AndroidManifest.xml
		ADDED from src/main/AndroidManifest.xml:2:1-48:12
		INJECTED from src/main/AndroidManifest.xml
	xmlns:android
		ADDED from src/main/AndroidManifest.xml:2:11-69
uses-permission#android.permission.ACCESS_NETWORK_STATE
ADDED from src/main/AndroidManifest.xml:5:5-79
MERGED from [android.arch.work:work-runtime:1.0.0-alpha04] AndroidManifest.xml:23:5-79
MERGED from [android.arch.work:work-runtime:1.0.0-alpha04] AndroidManifest.xml:23:5-79
	android:name
		ADDED from src/main/AndroidManifest.xml:5:22-76
uses-permission#android.permission.INTERNET
ADDED from src/main/AndroidManifest.xml:6:5-67
	android:name
		ADDED from src/main/AndroidManifest.xml:6:22-64
application
ADDED from src/main/AndroidManifest.xml:8:5-46:19
MERGED from [com.android.support:design:28.0.0] AndroidManifest.xml:22:5-20
MERGED from [com.android.support:design:28.0.0] AndroidManifest.xml:22:5-20
MERGED from [com.android.support.constraint:constraint-layout:1.1.3] AndroidManifest.xml:9:5-20
MERGED from [com.android.support.constraint:constraint-layout:1.1.3] AndroidManifest.xml:9:5-20
MERGED from [android.arch.work:work-runtime:1.0.0-alpha04] AndroidManifest.xml:26:5-95:19
MERGED from [android.arch.work:work-runtime:1.0.0-alpha04] AndroidManifest.xml:26:5-95:19
MERGED from [android.arch.lifecycle:extensions:1.1.0] AndroidManifest.xml:22:5-28:19
MERGED from [android.arch.lifecycle:extensions:1.1.0] AndroidManifest.xml:22:5-28:19
MERGED from [com.android.support:support-compat:28.0.0] AndroidManifest.xml:22:5-94
MERGED from [com.android.support:support-compat:28.0.0] AndroidManifest.xml:22:5-94
MERGED from [com.android.support:versionedparcelable:28.0.0] AndroidManifest.xml:22:5-23:19
MERGED from [com.android.support:versionedparcelable:28.0.0] AndroidManifest.xml:22:5-23:19
	android:appComponentFactory
		ADDED from [com.android.support:support-compat:28.0.0] AndroidManifest.xml:22:18-91
	android:supportsRtl
		ADDED from src/main/AndroidManifest.xml:12:9-35
	android:label
		ADDED from src/main/AndroidManifest.xml:11:9-41
	android:icon
		ADDED from src/main/AndroidManifest.xml:10:9-46
	android:allowBackup
		ADDED from src/main/AndroidManifest.xml:9:9-35
	android:theme
		ADDED from src/main/AndroidManifest.xml:13:9-40
activity#com.example.vitaliy.sweethome.Main
ADDED from src/main/AndroidManifest.xml:14:9-20:20
	android:name
		ADDED from src/main/AndroidManifest.xml:14:19-39
intent-filter#action:name:android.intent.action.MAIN+category:name:android.intent.category.LAUNCHER
ADDED from src/main/AndroidManifest.xml:15:13-19:29
action#android.intent.action.MAIN
ADDED from src/main/AndroidManifest.xml:16:17-69
	android:name
		ADDED from src/main/AndroidManifest.xml:16:25-66
category#android.intent.category.LAUNCHER
ADDED from src/main/AndroidManifest.xml:18:17-77
	android:name
		ADDED from src/main/AndroidManifest.xml:18:27-74
activity#com.example.vitaliy.sweethome.Kitchen
ADDED from src/main/AndroidManifest.xml:21:9-24:59
	android:label
		ADDED from src/main/AndroidManifest.xml:23:13-59
	android:theme
		ADDED from src/main/AndroidManifest.xml:24:13-56
	android:name
		ADDED from src/main/AndroidManifest.xml:22:13-36
activity#com.example.vitaliy.sweethome.Bathroom
ADDED from src/main/AndroidManifest.xml:25:9-28:59
	android:label
		ADDED from src/main/AndroidManifest.xml:27:13-60
	android:theme
		ADDED from src/main/AndroidManifest.xml:28:13-56
	android:name
		ADDED from src/main/AndroidManifest.xml:26:13-37
activity#com.example.vitaliy.sweethome.Bedroom
ADDED from src/main/AndroidManifest.xml:29:9-32:59
	android:label
		ADDED from src/main/AndroidManifest.xml:31:13-59
	android:theme
		ADDED from src/main/AndroidManifest.xml:32:13-56
	android:name
		ADDED from src/main/AndroidManifest.xml:30:13-36
activity#com.example.vitaliy.sweethome.LivingRoom
ADDED from src/main/AndroidManifest.xml:33:9-36:59
	android:label
		ADDED from src/main/AndroidManifest.xml:35:13-63
	android:theme
		ADDED from src/main/AndroidManifest.xml:36:13-56
	android:name
		ADDED from src/main/AndroidManifest.xml:34:13-39
activity#com.example.vitaliy.sweethome.JSON_test
ADDED from src/main/AndroidManifest.xml:37:9-47
	android:name
		ADDED from src/main/AndroidManifest.xml:37:19-44
activity#com.example.vitaliy.sweethome.Home
ADDED from src/main/AndroidManifest.xml:38:9-41:59
	android:label
		ADDED from src/main/AndroidManifest.xml:40:13-56
	android:theme
		ADDED from src/main/AndroidManifest.xml:41:13-56
	android:name
		ADDED from src/main/AndroidManifest.xml:39:13-33
activity#com.example.vitaliy.sweethome.test
ADDED from src/main/AndroidManifest.xml:42:9-45:68
	android:label
		ADDED from src/main/AndroidManifest.xml:44:13-56
	android:theme
		ADDED from src/main/AndroidManifest.xml:45:13-56
	android:name
		ADDED from src/main/AndroidManifest.xml:43:13-33
uses-sdk
INJECTED from src/main/AndroidManifest.xml reason: use-sdk injection requested
INJECTED from src/main/AndroidManifest.xml
INJECTED from src/main/AndroidManifest.xml
MERGED from [com.android.support:design:28.0.0] AndroidManifest.xml:20:5-44
MERGED from [com.android.support:design:28.0.0] AndroidManifest.xml:20:5-44
MERGED from [com.android.support:appcompat-v7:28.0.0] AndroidManifest.xml:20:5-44
MERGED from [com.android.support:appcompat-v7:28.0.0] AndroidManifest.xml:20:5-44
MERGED from [com.android.support.constraint:constraint-layout:1.1.3] AndroidManifest.xml:5:5-7:41
MERGED from [com.android.support.constraint:constraint-layout:1.1.3] AndroidManifest.xml:5:5-7:41
MERGED from [com.android.support:support-v4:28.0.0] AndroidManifest.xml:20:5-44
MERGED from [com.android.support:support-v4:28.0.0] AndroidManifest.xml:20:5-44
MERGED from [android.arch.work:work-runtime:1.0.0-alpha04] AndroidManifest.xml:20:5-44
MERGED from [android.arch.work:work-runtime:1.0.0-alpha04] AndroidManifest.xml:20:5-44
MERGED from [com.android.support:animated-vector-drawable:28.0.0] AndroidManifest.xml:20:5-44
MERGED from [com.android.support:animated-vector-drawable:28.0.0] AndroidManifest.xml:20:5-44
MERGED from [com.android.support:support-vector-drawable:28.0.0] AndroidManifest.xml:20:5-44
MERGED from [com.android.support:support-vector-drawable:28.0.0] AndroidManifest.xml:20:5-44
MERGED from [com.android.support:support-media-compat:28.0.0] AndroidManifest.xml:20:5-44
MERGED from [com.android.support:support-media-compat:28.0.0] AndroidManifest.xml:20:5-44
MERGED from [com.android.support:recyclerview-v7:28.0.0] AndroidManifest.xml:20:5-44
MERGED from [com.android.support:recyclerview-v7:28.0.0] AndroidManifest.xml:20:5-44
MERGED from [android.arch.lifecycle:extensions:1.1.0] AndroidManifest.xml:20:5-44
MERGED from [android.arch.lifecycle:extensions:1.1.0] AndroidManifest.xml:20:5-44
MERGED from [com.android.support:support-fragment:28.0.0] AndroidManifest.xml:20:5-44
MERGED from [com.android.support:support-fragment:28.0.0] AndroidManifest.xml:20:5-44
MERGED from [com.android.support:support-core-ui:28.0.0] AndroidManifest.xml:20:5-44
MERGED from [com.android.support:support-core-ui:28.0.0] AndroidManifest.xml:20:5-44
MERGED from [com.android.support:transition:28.0.0] AndroidManifest.xml:20:5-44
MERGED from [com.android.support:transition:28.0.0] AndroidManifest.xml:20:5-44
MERGED from [com.android.support:viewpager:28.0.0] AndroidManifest.xml:20:5-44
MERGED from [com.android.support:viewpager:28.0.0] AndroidManifest.xml:20:5-44
MERGED from [com.android.support:coordinatorlayout:28.0.0] AndroidManifest.xml:20:5-44
MERGED from [com.android.support:coordinatorlayout:28.0.0] AndroidManifest.xml:20:5-44
MERGED from [com.android.support:drawerlayout:28.0.0] AndroidManifest.xml:20:5-44
MERGED from [com.android.support:drawerlayout:28.0.0] AndroidManifest.xml:20:5-44
MERGED from [com.android.support:slidingpanelayout:28.0.0] AndroidManifest.xml:20:5-44
MERGED from [com.android.support:slidingpanelayout:28.0.0] AndroidManifest.xml:20:5-44
MERGED from [com.android.support:customview:28.0.0] AndroidManifest.xml:20:5-44
MERGED from [com.android.support:customview:28.0.0] AndroidManifest.xml:20:5-44
MERGED from [com.android.support:swiperefreshlayout:28.0.0] AndroidManifest.xml:20:5-44
MERGED from [com.android.support:swiperefreshlayout:28.0.0] AndroidManifest.xml:20:5-44
MERGED from [com.android.support:asynclayoutinflater:28.0.0] AndroidManifest.xml:20:5-44
MERGED from [com.android.support:asynclayoutinflater:28.0.0] AndroidManifest.xml:20:5-44
MERGED from [android.arch.persistence.room:runtime:1.1.1-rc1] AndroidManifest.xml:20:5-44
MERGED from [android.arch.persistence.room:runtime:1.1.1-rc1] AndroidManifest.xml:20:5-44
MERGED from [com.android.support:support-core-utils:28.0.0] AndroidManifest.xml:20:5-44
MERGED from [com.android.support:support-core-utils:28.0.0] AndroidManifest.xml:20:5-44
MERGED from [com.android.support:loader:28.0.0] AndroidManifest.xml:20:5-44
MERGED from [com.android.support:loader:28.0.0] AndroidManifest.xml:20:5-44
MERGED from [com.android.support:support-compat:28.0.0] AndroidManifest.xml:20:5-44
MERGED from [com.android.support:support-compat:28.0.0] AndroidManifest.xml:20:5-44
MERGED from [com.android.support:versionedparcelable:28.0.0] AndroidManifest.xml:20:5-44
MERGED from [com.android.support:versionedparcelable:28.0.0] AndroidManifest.xml:20:5-44
MERGED from [com.android.support:cursoradapter:28.0.0] AndroidManifest.xml:20:5-44
MERGED from [com.android.support:cursoradapter:28.0.0] AndroidManifest.xml:20:5-44
MERGED from [com.android.support:cardview-v7:28.0.0] AndroidManifest.xml:20:5-44
MERGED from [com.android.support:cardview-v7:28.0.0] AndroidManifest.xml:20:5-44
MERGED from [com.android.support:interpolator:28.0.0] AndroidManifest.xml:20:5-44
MERGED from [com.android.support:interpolator:28.0.0] AndroidManifest.xml:20:5-44
MERGED from [android.arch.persistence:db-framework:1.1.1-rc1] AndroidManifest.xml:20:5-44
MERGED from [android.arch.persistence:db-framework:1.1.1-rc1] AndroidManifest.xml:20:5-44
MERGED from [android.arch.persistence:db:1.1.1-rc1] AndroidManifest.xml:20:5-44
MERGED from [android.arch.persistence:db:1.1.1-rc1] AndroidManifest.xml:20:5-44
MERGED from [android.arch.lifecycle:runtime:1.1.1] AndroidManifest.xml:20:5-44
MERGED from [android.arch.lifecycle:runtime:1.1.1] AndroidManifest.xml:20:5-44
MERGED from [android.arch.lifecycle:viewmodel:1.1.1] AndroidManifest.xml:20:5-44
MERGED from [android.arch.lifecycle:viewmodel:1.1.1] AndroidManifest.xml:20:5-44
MERGED from [android.arch.lifecycle:livedata:1.1.1] AndroidManifest.xml:20:5-44
MERGED from [android.arch.lifecycle:livedata:1.1.1] AndroidManifest.xml:20:5-44
MERGED from [android.arch.lifecycle:livedata-core:1.1.1] AndroidManifest.xml:20:5-44
MERGED from [android.arch.lifecycle:livedata-core:1.1.1] AndroidManifest.xml:20:5-44
MERGED from [android.arch.core:runtime:1.1.1] AndroidManifest.xml:20:5-44
MERGED from [android.arch.core:runtime:1.1.1] AndroidManifest.xml:20:5-44
MERGED from [com.android.support:documentfile:28.0.0] AndroidManifest.xml:20:5-44
MERGED from [com.android.support:documentfile:28.0.0] AndroidManifest.xml:20:5-44
MERGED from [com.android.support:localbroadcastmanager:28.0.0] AndroidManifest.xml:20:5-44
MERGED from [com.android.support:localbroadcastmanager:28.0.0] AndroidManifest.xml:20:5-44
MERGED from [com.android.support:print:28.0.0] AndroidManifest.xml:20:5-44
MERGED from [com.android.support:print:28.0.0] AndroidManifest.xml:20:5-44
INJECTED from src/main/AndroidManifest.xml
INJECTED from src/main/AndroidManifest.xml
	android:targetSdkVersion
		INJECTED from src/main/AndroidManifest.xml
		ADDED from src/main/AndroidManifest.xml
		INJECTED from src/main/AndroidManifest.xml
	android:minSdkVersion
		INJECTED from src/main/AndroidManifest.xml
		ADDED from src/main/AndroidManifest.xml
		INJECTED from src/main/AndroidManifest.xml
uses-permission#android.permission.WAKE_LOCK
ADDED from [android.arch.work:work-runtime:1.0.0-alpha04] AndroidManifest.xml:22:5-68
	android:name
		ADDED from [android.arch.work:work-runtime:1.0.0-alpha04] AndroidManifest.xml:22:22-65
uses-permission#android.permission.RECEIVE_BOOT_COMPLETED
ADDED from [android.arch.work:work-runtime:1.0.0-alpha04] AndroidManifest.xml:24:5-81
	android:name
		ADDED from [android.arch.work:work-runtime:1.0.0-alpha04] AndroidManifest.xml:24:22-78
provider#androidx.work.impl.WorkManagerInitializer
ADDED from [android.arch.work:work-runtime:1.0.0-alpha04] AndroidManifest.xml:27:9-31:43
	android:authorities
		ADDED from [android.arch.work:work-runtime:1.0.0-alpha04] AndroidManifest.xml:29:13-68
	android:multiprocess
		ADDED from [android.arch.work:work-runtime:1.0.0-alpha04] AndroidManifest.xml:31:13-40
	android:exported
		ADDED from [android.arch.work:work-runtime:1.0.0-alpha04] AndroidManifest.xml:30:13-37
	android:name
		ADDED from [android.arch.work:work-runtime:1.0.0-alpha04] AndroidManifest.xml:28:13-69
service#androidx.work.impl.background.systemalarm.SystemAlarmService
ADDED from [android.arch.work:work-runtime:1.0.0-alpha04] AndroidManifest.xml:33:9-36:40
	android:enabled
		ADDED from [android.arch.work:work-runtime:1.0.0-alpha04] AndroidManifest.xml:35:13-72
	android:exported
		ADDED from [android.arch.work:work-runtime:1.0.0-alpha04] AndroidManifest.xml:36:13-37
	android:name
		ADDED from [android.arch.work:work-runtime:1.0.0-alpha04] AndroidManifest.xml:34:13-88
service#androidx.work.impl.background.systemjob.SystemJobService
ADDED from [android.arch.work:work-runtime:1.0.0-alpha04] AndroidManifest.xml:37:9-41:72
	android:enabled
		ADDED from [android.arch.work:work-runtime:1.0.0-alpha04] AndroidManifest.xml:39:13-70
	android:exported
		ADDED from [android.arch.work:work-runtime:1.0.0-alpha04] AndroidManifest.xml:40:13-36
	android:permission
		ADDED from [android.arch.work:work-runtime:1.0.0-alpha04] AndroidManifest.xml:41:13-69
	android:name
		ADDED from [android.arch.work:work-runtime:1.0.0-alpha04] AndroidManifest.xml:38:13-84
receiver#androidx.work.impl.utils.ForceStopRunnable$BroadcastReceiver
ADDED from [android.arch.work:work-runtime:1.0.0-alpha04] AndroidManifest.xml:43:9-46:40
	android:enabled
		ADDED from [android.arch.work:work-runtime:1.0.0-alpha04] AndroidManifest.xml:45:13-35
	android:exported
		ADDED from [android.arch.work:work-runtime:1.0.0-alpha04] AndroidManifest.xml:46:13-37
	android:name
		ADDED from [android.arch.work:work-runtime:1.0.0-alpha04] AndroidManifest.xml:44:13-88
receiver#androidx.work.impl.background.systemalarm.ConstraintProxy$BatteryChargingProxy
ADDED from [android.arch.work:work-runtime:1.0.0-alpha04] AndroidManifest.xml:47:9-54:20
	android:enabled
		ADDED from [android.arch.work:work-runtime:1.0.0-alpha04] AndroidManifest.xml:49:13-36
	android:name
		ADDED from [android.arch.work:work-runtime:1.0.0-alpha04] AndroidManifest.xml:48:13-106
intent-filter#action:name:android.intent.action.ACTION_POWER_CONNECTED+action:name:android.intent.action.ACTION_POWER_DISCONNECTED
ADDED from [android.arch.work:work-runtime:1.0.0-alpha04] AndroidManifest.xml:50:13-53:29
action#android.intent.action.ACTION_POWER_CONNECTED
ADDED from [android.arch.work:work-runtime:1.0.0-alpha04] AndroidManifest.xml:51:17-87
	android:name
		ADDED from [android.arch.work:work-runtime:1.0.0-alpha04] AndroidManifest.xml:51:25-84
action#android.intent.action.ACTION_POWER_DISCONNECTED
ADDED from [android.arch.work:work-runtime:1.0.0-alpha04] AndroidManifest.xml:52:17-90
	android:name
		ADDED from [android.arch.work:work-runtime:1.0.0-alpha04] AndroidManifest.xml:52:25-87
receiver#androidx.work.impl.background.systemalarm.ConstraintProxy$BatteryNotLowProxy
ADDED from [android.arch.work:work-runtime:1.0.0-alpha04] AndroidManifest.xml:55:9-62:20
	android:enabled
		ADDED from [android.arch.work:work-runtime:1.0.0-alpha04] AndroidManifest.xml:57:13-36
	android:name
		ADDED from [android.arch.work:work-runtime:1.0.0-alpha04] AndroidManifest.xml:56:13-104
intent-filter#action:name:android.intent.action.BATTERY_LOW+action:name:android.intent.action.BATTERY_OKAY
ADDED from [android.arch.work:work-runtime:1.0.0-alpha04] AndroidManifest.xml:58:13-61:29
action#android.intent.action.BATTERY_OKAY
ADDED from [android.arch.work:work-runtime:1.0.0-alpha04] AndroidManifest.xml:59:17-77
	android:name
		ADDED from [android.arch.work:work-runtime:1.0.0-alpha04] AndroidManifest.xml:59:25-74
action#android.intent.action.BATTERY_LOW
ADDED from [android.arch.work:work-runtime:1.0.0-alpha04] AndroidManifest.xml:60:17-76
	android:name
		ADDED from [android.arch.work:work-runtime:1.0.0-alpha04] AndroidManifest.xml:60:25-73
receiver#androidx.work.impl.background.systemalarm.ConstraintProxy$StorageNotLowProxy
ADDED from [android.arch.work:work-runtime:1.0.0-alpha04] AndroidManifest.xml:63:9-70:20
	android:enabled
		ADDED from [android.arch.work:work-runtime:1.0.0-alpha04] AndroidManifest.xml:65:13-36
	android:name
		ADDED from [android.arch.work:work-runtime:1.0.0-alpha04] AndroidManifest.xml:64:13-104
intent-filter#action:name:android.intent.action.DEVICE_STORAGE_LOW+action:name:android.intent.action.DEVICE_STORAGE_OK
ADDED from [android.arch.work:work-runtime:1.0.0-alpha04] AndroidManifest.xml:66:13-69:29
action#android.intent.action.DEVICE_STORAGE_LOW
ADDED from [android.arch.work:work-runtime:1.0.0-alpha04] AndroidManifest.xml:67:17-83
	android:name
		ADDED from [android.arch.work:work-runtime:1.0.0-alpha04] AndroidManifest.xml:67:25-80
action#android.intent.action.DEVICE_STORAGE_OK
ADDED from [android.arch.work:work-runtime:1.0.0-alpha04] AndroidManifest.xml:68:17-82
	android:name
		ADDED from [android.arch.work:work-runtime:1.0.0-alpha04] AndroidManifest.xml:68:25-79
receiver#androidx.work.impl.background.systemalarm.ConstraintProxy$NetworkStateProxy
ADDED from [android.arch.work:work-runtime:1.0.0-alpha04] AndroidManifest.xml:71:9-77:20
	android:enabled
		ADDED from [android.arch.work:work-runtime:1.0.0-alpha04] AndroidManifest.xml:73:13-36
	android:name
		ADDED from [android.arch.work:work-runtime:1.0.0-alpha04] AndroidManifest.xml:72:13-103
intent-filter#action:name:android.net.conn.CONNECTIVITY_CHANGE
ADDED from [android.arch.work:work-runtime:1.0.0-alpha04] AndroidManifest.xml:74:13-76:29
action#android.net.conn.CONNECTIVITY_CHANGE
ADDED from [android.arch.work:work-runtime:1.0.0-alpha04] AndroidManifest.xml:75:17-79
	android:name
		ADDED from [android.arch.work:work-runtime:1.0.0-alpha04] AndroidManifest.xml:75:25-76
receiver#androidx.work.impl.background.systemalarm.RescheduleReceiver
ADDED from [android.arch.work:work-runtime:1.0.0-alpha04] AndroidManifest.xml:78:9-86:20
	android:enabled
		ADDED from [android.arch.work:work-runtime:1.0.0-alpha04] AndroidManifest.xml:80:13-35
	android:name
		ADDED from [android.arch.work:work-runtime:1.0.0-alpha04] AndroidManifest.xml:79:13-88
intent-filter#action:name:android.intent.action.BOOT_COMPLETED+action:name:android.intent.action.TIMEZONE_CHANGED+action:name:android.intent.action.TIME_SET
ADDED from [android.arch.work:work-runtime:1.0.0-alpha04] AndroidManifest.xml:81:13-85:29
action#android.intent.action.BOOT_COMPLETED
ADDED from [android.arch.work:work-runtime:1.0.0-alpha04] AndroidManifest.xml:82:17-79
	android:name
		ADDED from [android.arch.work:work-runtime:1.0.0-alpha04] AndroidManifest.xml:82:25-76
action#android.intent.action.TIME_SET
ADDED from [android.arch.work:work-runtime:1.0.0-alpha04] AndroidManifest.xml:83:17-73
	android:name
		ADDED from [android.arch.work:work-runtime:1.0.0-alpha04] AndroidManifest.xml:83:25-70
action#android.intent.action.TIMEZONE_CHANGED
ADDED from [android.arch.work:work-runtime:1.0.0-alpha04] AndroidManifest.xml:84:17-81
	android:name
		ADDED from [android.arch.work:work-runtime:1.0.0-alpha04] AndroidManifest.xml:84:25-78
receiver#androidx.work.impl.background.systemalarm.ConstraintProxyUpdateReceiver
ADDED from [android.arch.work:work-runtime:1.0.0-alpha04] AndroidManifest.xml:87:9-94:20
	android:enabled
		ADDED from [android.arch.work:work-runtime:1.0.0-alpha04] AndroidManifest.xml:89:13-72
	android:exported
		ADDED from [android.arch.work:work-runtime:1.0.0-alpha04] AndroidManifest.xml:90:13-37
	android:name
		ADDED from [android.arch.work:work-runtime:1.0.0-alpha04] AndroidManifest.xml:88:13-99
intent-filter#action:name:androidx.work.impl.background.systemalarm.UpdateProxies
ADDED from [android.arch.work:work-runtime:1.0.0-alpha04] AndroidManifest.xml:91:13-93:29
action#androidx.work.impl.background.systemalarm.UpdateProxies
ADDED from [android.arch.work:work-runtime:1.0.0-alpha04] AndroidManifest.xml:92:17-98
	android:name
		ADDED from [android.arch.work:work-runtime:1.0.0-alpha04] AndroidManifest.xml:92:25-95
provider#android.arch.lifecycle.ProcessLifecycleOwnerInitializer
ADDED from [android.arch.lifecycle:extensions:1.1.0] AndroidManifest.xml:23:9-27:43
	android:authorities
		ADDED from [android.arch.lifecycle:extensions:1.1.0] AndroidManifest.xml:25:13-68
	android:multiprocess
		ADDED from [android.arch.lifecycle:extensions:1.1.0] AndroidManifest.xml:27:13-40
	android:exported
		ADDED from [android.arch.lifecycle:extensions:1.1.0] AndroidManifest.xml:26:13-37
	android:name
		ADDED from [android.arch.lifecycle:extensions:1.1.0] AndroidManifest.xml:24:13-83